<?xml version="1.0" encoding="UTF-8"?>
<!-- Generated by org.testng.reporters.JUnitReportReporter -->
<testsuite skipped="0" hostname="DESKTOP-QNHJ5Q7" name="testNGExample.TestNGAnnotationExample" tests="4" failures="0" timestamp="2022-11-03T03:07:26 PDT" time="0.043" errors="0">
  <testcase name="addItems" time="0.016" classname="testNGExample.TestNGAnnotationExample"/>
  <system-out/>
  <testcase name="login" time="0.006" classname="testNGExample.TestNGAnnotationExample"/>
  <system-out/>
  <testcase name="logout" time="0.004" classname="testNGExample.TestNGAnnotationExample"/>
  <system-out/>
  <testcase name="payment" time="0.017" classname="testNGExample.TestNGAnnotationExample"/>
  <system-out/>
</testsuite> <!-- testNGExample.TestNGAnnotationExample -->
