<?xml version="1.0" encoding="UTF-8"?>
<!-- Generated by org.testng.reporters.JUnitReportReporter -->
<testsuite skipped="0" hostname="DESKTOP-QNHJ5Q7" name="takescreenshotExample.AmazonTest" tests="1" failures="0" timestamp="2022-11-03T03:08:00 PDT" time="8.055" errors="0">
  <testcase name="SearchTest" time="8.055" classname="takescreenshotExample.AmazonTest"/>
  <system-out/>
</testsuite> <!-- takescreenshotExample.AmazonTest -->
