<?xml version="1.0" encoding="UTF-8"?>
<!-- Generated by org.testng.reporters.JUnitReportReporter -->
<testsuite skipped="0" hostname="DESKTOP-QNHJ5Q7" name="tests.LoginTest" tests="3" failures="0" timestamp="2022-11-03T03:54:25 PDT" time="5.434" errors="0">
  <testcase name="TC_01_verifyLoginFeatureWithValid" time="4.027" classname="tests.LoginTest"/>
  <system-out/>
  <testcase name="verifyAppLicationTitle" time="0.113" classname="tests.LoginTest"/>
  <system-out/>
  <testcase name="verifyLogout" time="1.294" classname="tests.LoginTest"/>
  <system-out/>
</testsuite> <!-- tests.LoginTest -->
